C251 COMPILER V5.60.0,  Angle                                                              17/10/22  16:58:24  PAGE 1   


C251 COMPILER V5.60.0, COMPILATION OF MODULE Angle
OBJECT MODULE PLACED IN .\Out_File\Angle.obj
COMPILER INVOKED BY: D:\keil_c251\C251\BIN\C251.EXE Angle.c XSMALL INTR2 WARNINGLEVEL(3) BROWSE INCDIR(..\..\Libraries\l
                    -ibraries;..\..\Libraries\seekfree_libraries;..\..\Libraries\seekfree_peripheral;..\CODE;..\USER\inc;..\USER\src) DEBUG P
                    -RINT(.\Out_File\Angle.lst) OBJECT(.\Out_File\Angle.obj) 

stmt  level    source

    1          #include "SEEKFREE_MPU6050.h"
    2          #include "parameter.h"
    3          
    4          
    5          void MPU_angle(void)
    6          {
    7   1              angle=angle_KP*mpu_gyro_z+(1-angle_KP)*(angle+mpu_acc_z);
    8   1      }


Module Information          Static   Overlayable
------------------------------------------------
  code size            =        64     ------
  ecode size           =    ------     ------
  data size            =    ------     ------
  idata size           =    ------     ------
  pdata size           =    ------     ------
  xdata size           =    ------     ------
  xdata-const size     =    ------     ------
  edata size           =    ------     ------
  bit size             =    ------     ------
  ebit size            =    ------     ------
  bitaddressable size  =    ------     ------
  ebitaddressable size =    ------     ------
  far data size        =    ------     ------
  huge data size       =    ------     ------
  const size           =    ------     ------
  hconst size          =    ------     ------
End of Module Information.


C251 COMPILATION COMPLETE.  0 WARNING(S),  0 ERROR(S)
