C251 COMPILER V5.60.0,  isr                                                                17/10/22  16:58:23  PAGE 1   


C251 COMPILER V5.60.0, COMPILATION OF MODULE isr
OBJECT MODULE PLACED IN .\Out_File\isr.obj
COMPILER INVOKED BY: D:\keil_c251\C251\BIN\C251.EXE ..\USER\src\isr.c XSMALL INTR2 WARNINGLEVEL(3) BROWSE INCDIR(..\..\L
                    -ibraries\libraries;..\..\Libraries\seekfree_libraries;..\..\Libraries\seekfree_peripheral;..\CODE;..\USER\inc;..\USER\sr
                    -c) DEBUG PRINT(.\Out_File\isr.lst) OBJECT(.\Out_File\isr.obj) 

stmt  level    source

    1          ///******************************************************************************************************
             -***************
    2          // * COPYRIGHT NOTICE
    3          // * Copyright (c) 2020,逐飞科技
    4          // * All rights reserved.
    5          // * 技术讨论QQ群：一群：179029047(已满)  二群：244861897(已满)  三群：824575535
    6          // *
    7          // * 以下所有内容版权均属逐飞科技所有，未经允许不得用于商业用途，
    8          // * 欢迎各位使用并传播本程序，修改内容时必须保留逐飞科技的版权声明。
    9          // *
   10          // * @file                      isr
   11          // * @company                   成都逐飞科技有限公司
   12          // * @author                    逐飞科技(QQ790875685)
   13          // * @version                   查看doc内version文件 版本说明
   14          // * @Software                  MDK FOR C251 V5.60
   15          // * @Target core               STC16F40K128
   16          // * @Taobao                    https://seekfree.taobao.com/
   17          // * @date                      2020-4-14
   18          // ******************************************************************************************************
             -**************/
   19          #include "headfile.h"
   20          
   21          //UART1中断
   22          void UART1_Isr() interrupt 4
   23          {
   24   1          uint8 res;
   25   1              static uint8 dwon_count;
   26   1          if(UART1_GET_TX_FLAG)
   27   1          {
   28   2              UART1_CLEAR_TX_FLAG;
   29   2          }
   30   1          if(UART1_GET_RX_FLAG)
   31   1          {
   32   2              UART1_CLEAR_RX_FLAG;
   33   2              res = SBUF;
   34   2      
   35   2      #ifdef AUTO_REBOOT_ENABLE
                       //程序自动下载
                       //stcisp通讯协议的解析，stcisp等待单片机相应时会以设置的最低波特率（1200）连续发送0x7F
                       //为了常规9600波特率通讯的兼容性，下载串口不会被初始化为1200
                       //在9600波特率下无法被有效识别而被理解成0xF8，这个数值是测试得出的结果
                       //只用于自动重启下载，因此无需处理误码问题
                       if(res == 0xF8)
                       {
                           if(dwon_count++ > 20)
                               IAP_CONTR = 0x60;
                       }
                       else
                           dwon_count = 0;
               #endif
   49   2      
   50   2          }
   51   1      }
   52          
   53          //UART2中断
   54          void UART2_Isr() interrupt 8
   55          {
C251 COMPILER V5.60.0,  isr                                                                17/10/22  16:58:23  PAGE 2   

   56   1          if(UART2_GET_TX_FLAG)
   57   1              {
   58   2              UART2_CLEAR_TX_FLAG;
   59   2              }
   60   1          if(UART2_GET_RX_FLAG)
   61   1              {
   62   2              UART2_CLEAR_RX_FLAG;
   63   2                      //接收数据寄存器为：S2BUF
   64   2              }
   65   1      }
   66          
   67          
   68          //UART3中断
   69          void UART3_Isr() interrupt 17
   70          {
   71   1          if(UART3_GET_TX_FLAG)
   72   1              {
   73   2              UART3_CLEAR_TX_FLAG;
   74   2              }
   75   1          if(UART3_GET_RX_FLAG)
   76   1              {
   77   2              UART3_CLEAR_RX_FLAG;
   78   2                      //接收数据寄存器为：S3BUF
   79   2              }
   80   1      }
   81          
   82          
   83          //UART4中断
   84          void UART4_Isr() interrupt 18
   85          {
   86   1          if(UART4_GET_TX_FLAG)
   87   1              {
   88   2              UART4_CLEAR_TX_FLAG;
   89   2              }
   90   1          if(UART4_GET_RX_FLAG)
   91   1              {
   92   2              UART4_CLEAR_RX_FLAG;
   93   2      
   94   2                      //接收数据寄存器为：S4BUF;
   95   2              }
   96   1      }
   97          
   98          //#define LED P52
   99          void INT0_Isr() interrupt 0
  100          {
  101   1      }
  102          void INT1_Isr() interrupt 2
  103          {
  104   1      
  105   1      }
  106          void INT2_Isr() interrupt 10
  107          {
  108   1              INT2_CLEAR_FLAG;  //清除中断标志
  109   1      }
  110          void INT3_Isr() interrupt 11
  111          {
  112   1              INT3_CLEAR_FLAG;  //清除中断标志
  113   1      }
  114          
  115          void INT4_Isr() interrupt 16
  116          {
  117   1              INT4_CLEAR_FLAG;  //清除中断标志
  118   1      }
  119          
  120          void TM0_Isr() interrupt 1
  121          {
C251 COMPILER V5.60.0,  isr                                                                17/10/22  16:58:23  PAGE 3   

  122   1              
  123   1      }
  124          void TM2_Isr() interrupt 12
  125          {
  126   1          TIM2_CLEAR_FLAG;  //清除中断标志
  127   1      }
  128          
  129          
  130          void TM3_Isr() interrupt 19
  131          {
  132   1              TIM3_CLEAR_FLAG;
  133   1      }
  134          //void TM4_Isr() interrupt 20
  135          //{
  136          //      TIM4_CLEAR_FLAG;
  137          //}
  138          //void  INT0_Isr()  interrupt 0;
  139          //void  TM0_Isr()   interrupt 1;
  140          //void  INT1_Isr()  interrupt 2;
  141          //void  TM1_Isr()   interrupt 3;
  142          //void  UART1_Isr() interrupt 4;
  143          //void  ADC_Isr()   interrupt 5;
  144          //void  LVD_Isr()   interrupt 6;
  145          //void  PCA_Isr()   interrupt 7;
  146          //void  UART2_Isr() interrupt 8;
  147          //void  SPI_Isr()   interrupt 9;
  148          //void  INT2_Isr()  interrupt 10;
  149          //void  INT3_Isr()  interrupt 11;
  150          //void  TM2_Isr()   interrupt 12;
  151          //void  INT4_Isr()  interrupt 16;
  152          //void  UART3_Isr() interrupt 17;
  153          //void  UART4_Isr() interrupt 18;
  154          //void  TM3_Isr()   interrupt 19;
  155          //void  TM4_Isr()   interrupt 20;
  156          //void  CMP_Isr()   interrupt 21;
  157          //void  I2C_Isr()   interrupt 24;
  158          //void  USB_Isr()   interrupt 25;
  159          //void  PWM1_Isr()  interrupt 26;
  160          //void  PWM2_Isr()  interrupt 27;


Module Information          Static   Overlayable
------------------------------------------------
  code size            =       181     ------
  ecode size           =    ------     ------
  data size            =    ------     ------
  idata size           =    ------     ------
  pdata size           =    ------     ------
  xdata size           =    ------     ------
  xdata-const size     =    ------     ------
  edata size           =         1     ------
  bit size             =    ------     ------
  ebit size            =    ------     ------
  bitaddressable size  =    ------     ------
  ebitaddressable size =    ------     ------
  far data size        =    ------     ------
  huge data size       =    ------     ------
  const size           =    ------     ------
  hconst size          =    ------     ------
End of Module Information.


C251 COMPILATION COMPLETE.  0 WARNING(S),  0 ERROR(S)
