C251 COMPILER V5.60.0,  parameter                                                          20/10/22  22:29:42  PAGE 1   


C251 COMPILER V5.60.0, COMPILATION OF MODULE parameter
OBJECT MODULE PLACED IN .\Out_File\parameter.obj
COMPILER INVOKED BY: D:\keil_c251\C251\BIN\C251.EXE parameter.c XSMALL INTR2 WARNINGLEVEL(3) BROWSE INCDIR(..\..\Librari
                    -es\libraries;..\..\Libraries\seekfree_libraries;..\..\Libraries\seekfree_peripheral;..\CODE;..\USER\inc;..\USER\src) DEB
                    -UG PRINT(.\Out_File\parameter.lst) OBJECT(.\Out_File\parameter.obj) 

stmt  level    source

    1          #include "parameter.h"
    2          #include "headfile.h"
    3          
    4          uint16 L_out=0,L_in=0,R_out=0,R_in=0,L_ba=0,R_ba=0;//左、右电感采集信号
    5          
    6          float turn_KP_low=45,turn_KD_low=850,turn_KP_high=45,turn_KD_high=900;//转向环
    7          float dir_err_sum=0,dir_last_err=0,dir_in_sum=0,err_sum=0,err_cha=0,dir_err_ba=0,dir_last_ba=0,dir_in_ba=
             -0;//转向误差
    8          uint8 ting=0,flag1=0,flag2=0,m=0,n,p=0,begin=0,count=0,round_control=0;//标志位
    9          uint8 choose_out=0,choose_in=0,choose_turn=0,key_control=0;//按键控制
   10          
   11          int L_pluse=0,R_pluse=0;//编码器脉冲数
   12          int real_speed=0;//左右轮真实速度
   13          int duty_high=310,duty_low=340,dutyL=0,dutyR=0,high=500;//电机驱动
   14          
   15          float speed_KP=2.0,speed_KI=0.35,speed_KD=0;//速度环
   16          
   17          float angle=0;//陀螺仪角度
   18          float angle_KP=0;//角度环
   19          float speed_Integral=0,Integral_max=1000,Integral_min=-1000;//速度积分
   20          
   21          uint16 limit=4;//环岛限幅
   22          
   23          int speed_max=500;//积分限幅
   24          int     c=0,d=0;//串口标志位
   25          float err=0;//速度误差
   26          
   27          int err_speed[3]={0,0};//当前，上次，上上次


Module Information          Static   Overlayable
------------------------------------------------
  code size            =    ------     ------
  ecode size           =    ------     ------
  data size            =    ------     ------
  idata size           =    ------     ------
  pdata size           =    ------     ------
  xdata size           =    ------     ------
  xdata-const size     =    ------     ------
  edata size           =       139     ------
  bit size             =    ------     ------
  ebit size            =    ------     ------
  bitaddressable size  =    ------     ------
  ebitaddressable size =    ------     ------
  far data size        =    ------     ------
  huge data size       =    ------     ------
  const size           =    ------     ------
  hconst size          =       346     ------
End of Module Information.


C251 COMPILATION COMPLETE.  0 WARNING(S),  0 ERROR(S)
